[   117.443] 
X.Org X Server 1.20.4
X Protocol Version 11, Revision 0
[   117.446] Build Operating System: Linux 4.9.0-8-amd64 x86_64 Debian
[   117.447] Current Operating System: Linux debian 4.19.0-8-amd64 #1 SMP Debian 4.19.98-1 (2020-01-26) x86_64
[   117.447] Kernel command line: BOOT_IMAGE=/boot/vmlinuz-4.19.0-8-amd64 root=UUID=6f82a46b-4a26-4cd7-af7b-aa4b6bf83afb ro quiet
[   117.449] Build Date: 05 March 2019  08:11:12PM
[   117.450] xorg-server 2:1.20.4-1 (https://www.debian.org/support) 
[   117.451] Current version of pixman: 0.36.0
[   117.452] 	Before reporting problems, check http://wiki.x.org
	to make sure that you have the latest version.
[   117.452] Markers: (--) probed, (**) from config file, (==) default setting,
	(++) from command line, (!!) notice, (II) informational,
	(WW) warning, (EE) error, (NI) not implemented, (??) unknown.
[   117.456] (==) Log file: "/home/wilson/.local/share/xorg/Xorg.0.log", Time: Wed Mar 18 11:53:37 2020
[   117.457] (==) Using system config directory "/usr/share/X11/xorg.conf.d"
[   117.458] (==) No Layout section.  Using the first Screen section.
[   117.458] (==) No screen section available. Using defaults.
[   117.458] (**) |-->Screen "Default Screen Section" (0)
[   117.458] (**) |   |-->Monitor "<default monitor>"
[   117.458] (==) No monitor specified for screen "Default Screen Section".
	Using a default monitor configuration.
[   117.458] (==) Automatically adding devices
[   117.458] (==) Automatically enabling devices
[   117.458] (==) Automatically adding GPU devices
[   117.458] (==) Max clients allowed: 256, resource mask: 0x1fffff
[   117.458] (WW) The directory "/usr/share/fonts/X11/cyrillic" does not exist.
[   117.458] 	Entry deleted from font path.
[   117.458] (==) FontPath set to:
	/usr/share/fonts/X11/misc,
	/usr/share/fonts/X11/100dpi/:unscaled,
	/usr/share/fonts/X11/75dpi/:unscaled,
	/usr/share/fonts/X11/Type1,
	/usr/share/fonts/X11/100dpi,
	/usr/share/fonts/X11/75dpi,
	built-ins
[   117.458] (==) ModulePath set to "/usr/lib/xorg/modules"
[   117.458] (II) The server relies on udev to provide the list of input devices.
	If no devices become available, reconfigure udev or disable AutoAddDevices.
[   117.458] (II) Loader magic: 0x560ba3775e20
[   117.458] (II) Module ABI versions:
[   117.458] 	X.Org ANSI C Emulation: 0.4
[   117.458] 	X.Org Video Driver: 24.0
[   117.458] 	X.Org XInput driver : 24.1
[   117.458] 	X.Org Server Extension : 10.0
[   117.459] (++) using VT number 1

[   117.462] (II) systemd-logind: took control of session /org/freedesktop/login1/session/_31
[   117.462] (II) xfree86: Adding drm device (/dev/dri/card0)
[   117.463] (II) systemd-logind: got fd for /dev/dri/card0 226:0 fd 11 paused 0
[   117.468] (--) PCI:*(0@0:2:0) 8086:0166:106b:00fe rev 9, Mem @ 0xa0000000/4194304, 0x90000000/268435456, I/O @ 0x00002000/64, BIOS @ 0x????????/131072
[   117.468] (II) LoadModule: "glx"
[   117.468] (II) Loading /usr/lib/xorg/modules/extensions/libglx.so
[   117.470] (II) Module glx: vendor="X.Org Foundation"
[   117.470] 	compiled for 1.20.4, module version = 1.0.0
[   117.470] 	ABI class: X.Org Server Extension, version 10.0
[   117.470] (==) Matched modesetting as autoconfigured driver 0
[   117.470] (==) Matched fbdev as autoconfigured driver 1
[   117.470] (==) Matched vesa as autoconfigured driver 2
[   117.470] (==) Assigned the driver to the xf86ConfigLayout
[   117.470] (II) LoadModule: "modesetting"
[   117.470] (II) Loading /usr/lib/xorg/modules/drivers/modesetting_drv.so
[   117.471] (II) Module modesetting: vendor="X.Org Foundation"
[   117.471] 	compiled for 1.20.4, module version = 1.20.4
[   117.471] 	Module class: X.Org Video Driver
[   117.471] 	ABI class: X.Org Video Driver, version 24.0
[   117.471] (II) LoadModule: "fbdev"
[   117.471] (II) Loading /usr/lib/xorg/modules/drivers/fbdev_drv.so
[   117.471] (II) Module fbdev: vendor="X.Org Foundation"
[   117.471] 	compiled for 1.20.0, module version = 0.5.0
[   117.471] 	Module class: X.Org Video Driver
[   117.471] 	ABI class: X.Org Video Driver, version 24.0
[   117.471] (II) LoadModule: "vesa"
[   117.471] (II) Loading /usr/lib/xorg/modules/drivers/vesa_drv.so
[   117.471] (II) Module vesa: vendor="X.Org Foundation"
[   117.471] 	compiled for 1.20.1, module version = 2.4.0
[   117.471] 	Module class: X.Org Video Driver
[   117.471] 	ABI class: X.Org Video Driver, version 24.0
[   117.471] (II) modesetting: Driver for Modesetting Kernel Drivers: kms
[   117.471] (II) FBDEV: driver for framebuffer: fbdev
[   117.471] (II) VESA: driver for VESA chipsets: vesa
[   117.472] xf86EnableIOPorts: failed to set IOPL for I/O (Operation not permitted)
[   117.472] (II) modeset(0): using drv /dev/dri/card0
[   117.472] (WW) Falling back to old probe method for fbdev
[   117.472] (II) Loading sub module "fbdevhw"
[   117.472] (II) LoadModule: "fbdevhw"
[   117.472] (II) Loading /usr/lib/xorg/modules/libfbdevhw.so
[   117.472] (II) Module fbdevhw: vendor="X.Org Foundation"
[   117.472] 	compiled for 1.20.4, module version = 0.0.2
[   117.472] 	ABI class: X.Org Video Driver, version 24.0
[   117.472] (WW) VGA arbiter: cannot open kernel arbiter, no multi-card support
[   117.472] (II) modeset(0): Creating default Display subsection in Screen section
	"Default Screen Section" for depth/fbbpp 24/32
[   117.472] (==) modeset(0): Depth 24, (==) framebuffer bpp 32
[   117.472] (==) modeset(0): RGB weight 888
[   117.472] (==) modeset(0): Default visual is TrueColor
[   117.472] (II) Loading sub module "glamoregl"
[   117.472] (II) LoadModule: "glamoregl"
[   117.473] (II) Loading /usr/lib/xorg/modules/libglamoregl.so
[   117.478] (II) Module glamoregl: vendor="X.Org Foundation"
[   117.478] 	compiled for 1.20.4, module version = 1.0.1
[   117.478] 	ABI class: X.Org ANSI C Emulation, version 0.4
[   117.491] (II) modeset(0): glamor X acceleration enabled on Mesa DRI Intel(R) Ivybridge Mobile 
[   117.491] (II) modeset(0): glamor initialized
[   117.492] (II) modeset(0): Output eDP-1 has no monitor section
[   117.606] (II) modeset(0): Output VGA-1 has no monitor section
[   117.607] (II) modeset(0): Output HDMI-1 has no monitor section
[   117.607] (II) modeset(0): Output DP-1 has no monitor section
[   117.609] (II) modeset(0): Output HDMI-2 has no monitor section
[   117.609] (II) modeset(0): Output DP-2 has no monitor section
[   117.611] (II) modeset(0): EDID for output eDP-1
[   117.611] (II) modeset(0): Manufacturer: APP  Model: 9cf0  Serial#: 0
[   117.611] (II) modeset(0): Year: 2012  Week: 17
[   117.611] (II) modeset(0): EDID Version: 1.4
[   117.611] (II) modeset(0): Digital Display Input
[   117.611] (II) modeset(0): 6 bits per channel
[   117.611] (II) modeset(0): Digital interface is DisplayPort
[   117.611] (II) modeset(0): Max Image Size [cm]: horiz.: 29  vert.: 18
[   117.611] (II) modeset(0): Gamma: 2.20
[   117.611] (II) modeset(0): No DPMS capabilities specified
[   117.611] (II) modeset(0): Supported color encodings: RGB 4:4:4 
[   117.611] (II) modeset(0): First detailed timing is preferred mode
[   117.611] (II) modeset(0): Preferred mode is native pixel format and refresh rate
[   117.611] (II) modeset(0): redX: 0.593 redY: 0.342   greenX: 0.331 greenY: 0.573
[   117.611] (II) modeset(0): blueX: 0.152 blueY: 0.133   whiteX: 0.313 whiteY: 0.329
[   117.611] (II) modeset(0): Manufacturer's mask: 0
[   117.611] (II) modeset(0): Supported detailed timing:
[   117.611] (II) modeset(0): clock: 88.9 MHz   Image Size:  30 x 179 mm
[   117.611] (II) modeset(0): h_active: 1440  h_sync: 1488  h_sync_end 1520 h_blank_end 1600 h_border: 0
[   117.611] (II) modeset(0): v_active: 900  v_sync: 903  v_sync_end 909 v_blanking: 926 v_border: 0
[   117.611] (II) modeset(0):  LSN133BT01A02
[   117.611] (II) modeset(0): Monitor name: Color LCD
[   117.611] (II) modeset(0): EDID (in hex):
[   117.611] (II) modeset(0): 	00ffffffffffff000610f09c00000000
[   117.611] (II) modeset(0): 	11160104951d127802ef059757549227
[   117.611] (II) modeset(0): 	22505400000001010101010101010101
[   117.611] (II) modeset(0): 	010101010101b922a0a050841a303020
[   117.611] (II) modeset(0): 	36001eb3000000180000001000000000
[   117.611] (II) modeset(0): 	00000000000000000000000000fe004c
[   117.611] (II) modeset(0): 	534e31333342543031413032000000fc
[   117.611] (II) modeset(0): 	00436f6c6f72204c43440a2020200009
[   117.611] (WW) modeset(0): Output eDP-1: Strange aspect ratio (30/179), consider adding a quirk
[   117.611] (II) modeset(0): Printing probed modes for output eDP-1
[   117.611] (II) modeset(0): Modeline "1440x900"x60.0   88.89  1440 1488 1520 1600  900 903 909 926 -hsync -vsync (55.6 kHz eP)
[   117.611] (II) modeset(0): Modeline "1440x900"x59.9  106.50  1440 1520 1672 1904  900 903 909 934 -hsync +vsync (55.9 kHz d)
[   117.611] (II) modeset(0): Modeline "1400x900"x60.0  103.50  1400 1480 1624 1848  900 903 913 934 -hsync +vsync (56.0 kHz d)
[   117.611] (II) modeset(0): Modeline "1400x900"x59.9   86.50  1400 1448 1480 1560  900 903 913 926 +hsync -vsync (55.4 kHz d)
[   117.611] (II) modeset(0): Modeline "1440x810"x120.0  198.12  1440 1548 1704 1968  810 811 814 839 doublescan -hsync +vsync (100.7 kHz d)
[   117.611] (II) modeset(0): Modeline "1440x810"x119.9  151.88  1440 1464 1480 1520  810 811 814 833 doublescan +hsync -vsync (99.9 kHz d)
[   117.611] (II) modeset(0): Modeline "1368x768"x59.9   85.25  1368 1440 1576 1784  768 771 781 798 -hsync +vsync (47.8 kHz d)
[   117.611] (II) modeset(0): Modeline "1368x768"x59.9   72.25  1368 1416 1448 1528  768 771 781 790 +hsync -vsync (47.3 kHz d)
[   117.611] (II) modeset(0): Modeline "1360x768"x59.8   84.75  1360 1432 1568 1776  768 771 781 798 -hsync +vsync (47.7 kHz d)
[   117.611] (II) modeset(0): Modeline "1360x768"x60.0   72.00  1360 1408 1440 1520  768 771 781 790 +hsync -vsync (47.4 kHz d)
[   117.611] (II) modeset(0): Modeline "1280x800"x120.0  174.25  1280 1380 1516 1752  800 801 804 829 doublescan -hsync +vsync (99.5 kHz d)
[   117.611] (II) modeset(0): Modeline "1280x800"x119.9  134.25  1280 1304 1320 1360  800 801 804 823 doublescan +hsync -vsync (98.7 kHz d)
[   117.611] (II) modeset(0): Modeline "1280x800"x59.8   83.50  1280 1352 1480 1680  800 803 809 831 -hsync +vsync (49.7 kHz d)
[   117.611] (II) modeset(0): Modeline "1280x800"x59.9   71.00  1280 1328 1360 1440  800 803 809 823 +hsync -vsync (49.3 kHz d)
[   117.611] (II) modeset(0): Modeline "1152x864"x60.0   81.62  1152 1216 1336 1520  864 865 868 895 -hsync +vsync (53.7 kHz d)
[   117.611] (II) modeset(0): Modeline "1280x720"x120.0  156.12  1280 1376 1512 1744  720 721 724 746 doublescan -hsync +vsync (89.5 kHz d)
[   117.611] (II) modeset(0): Modeline "1280x720"x120.0  120.75  1280 1304 1320 1360  720 721 724 740 doublescan +hsync -vsync (88.8 kHz d)
[   117.611] (II) modeset(0): Modeline "1280x720"x59.9   74.50  1280 1344 1472 1664  720 723 728 748 -hsync +vsync (44.8 kHz d)
[   117.611] (II) modeset(0): Modeline "1280x720"x59.7   63.75  1280 1328 1360 1440  720 723 728 741 +hsync -vsync (44.3 kHz d)
[   117.611] (II) modeset(0): Modeline "1024x768"x120.1  133.47  1024 1100 1212 1400  768 768 770 794 doublescan -hsync +vsync (95.3 kHz d)
[   117.611] (II) modeset(0): Modeline "1024x768"x60.0   65.00  1024 1048 1184 1344  768 771 777 806 -hsync -vsync (48.4 kHz d)
[   117.611] (II) modeset(0): Modeline "960x720"x120.0  117.00  960 1024 1128 1300  720 720 722 750 doublescan -hsync +vsync (90.0 kHz d)
[   117.611] (II) modeset(0): Modeline "928x696"x120.1  109.15  928 976 1088 1264  696 696 698 719 doublescan -hsync +vsync (86.4 kHz d)
[   117.611] (II) modeset(0): Modeline "896x672"x120.0  102.40  896 960 1060 1224  672 672 674 697 doublescan -hsync +vsync (83.7 kHz d)
[   117.611] (II) modeset(0): Modeline "1024x576"x119.9   98.50  1024 1092 1200 1376  576 577 580 597 doublescan -hsync +vsync (71.6 kHz d)
[   117.611] (II) modeset(0): Modeline "1024x576"x119.9   78.38  1024 1048 1064 1104  576 577 580 592 doublescan +hsync -vsync (71.0 kHz d)
[   117.611] (II) modeset(0): Modeline "1024x576"x59.9   46.50  1024 1064 1160 1296  576 579 584 599 -hsync +vsync (35.9 kHz d)
[   117.611] (II) modeset(0): Modeline "1024x576"x59.8   42.00  1024 1072 1104 1184  576 579 584 593 +hsync -vsync (35.5 kHz d)
[   117.611] (II) modeset(0): Modeline "960x600"x119.9   96.62  960 1028 1128 1296  600 601 604 622 doublescan -hsync +vsync (74.6 kHz d)
[   117.611] (II) modeset(0): Modeline "960x600"x120.0   77.00  960 984 1000 1040  600 601 604 617 doublescan +hsync -vsync (74.0 kHz d)
[   117.611] (II) modeset(0): Modeline "960x540"x119.9   86.50  960 1024 1124 1288  540 541 544 560 doublescan -hsync +vsync (67.2 kHz d)
[   117.611] (II) modeset(0): Modeline "960x540"x120.0   69.25  960 984 1000 1040  540 541 544 555 doublescan +hsync -vsync (66.6 kHz d)
[   117.611] (II) modeset(0): Modeline "960x540"x59.6   40.75  960 992 1088 1216  540 543 548 562 -hsync +vsync (33.5 kHz d)
[   117.611] (II) modeset(0): Modeline "960x540"x59.8   37.25  960 1008 1040 1120  540 543 548 556 +hsync -vsync (33.3 kHz d)
[   117.611] (II) modeset(0): Modeline "800x600"x120.0   81.00  800 832 928 1080  600 600 602 625 doublescan +hsync +vsync (75.0 kHz d)
[   117.611] (II) modeset(0): Modeline "800x600"x60.3   40.00  800 840 968 1056  600 601 605 628 +hsync +vsync (37.9 kHz d)
[   117.611] (II) modeset(0): Modeline "800x600"x56.2   36.00  800 824 896 1024  600 601 603 625 +hsync +vsync (35.2 kHz d)
[   117.611] (II) modeset(0): Modeline "840x525"x120.0   73.12  840 892 980 1120  525 526 529 544 doublescan -hsync +vsync (65.3 kHz d)
[   117.611] (II) modeset(0): Modeline "840x525"x119.8   59.50  840 864 880 920  525 526 529 540 doublescan +hsync -vsync (64.7 kHz d)
[   117.611] (II) modeset(0): Modeline "864x486"x59.9   32.50  864 888 968 1072  486 489 494 506 -hsync +vsync (30.3 kHz d)
[   117.611] (II) modeset(0): Modeline "864x486"x59.6   30.50  864 912 944 1024  486 489 494 500 +hsync -vsync (29.8 kHz d)
[   117.611] (II) modeset(0): Modeline "800x512"x120.3   51.56  800 800 828 832  512 512 514 515 doublescan +hsync +vsync (62.0 kHz d)
[   117.611] (II) modeset(0): Modeline "700x525"x120.0   61.00  700 744 820 940  525 526 532 541 doublescan +hsync +vsync (64.9 kHz d)
[   117.611] (II) modeset(0): Modeline "800x450"x119.9   59.12  800 848 928 1056  450 451 454 467 doublescan -hsync +vsync (56.0 kHz d)
[   117.611] (II) modeset(0): Modeline "800x450"x119.6   48.75  800 824 840 880  450 451 454 463 doublescan +hsync -vsync (55.4 kHz d)
[   117.611] (II) modeset(0): Modeline "640x512"x120.0   54.00  640 664 720 844  512 512 514 533 doublescan +hsync +vsync (64.0 kHz d)
[   117.611] (II) modeset(0): Modeline "720x450"x119.8   53.25  720 760 836 952  450 451 454 467 doublescan -hsync +vsync (55.9 kHz d)
[   117.611] (II) modeset(0): Modeline "700x450"x119.9   51.75  700 740 812 924  450 451 456 467 doublescan -hsync +vsync (56.0 kHz d)
[   117.611] (II) modeset(0): Modeline "700x450"x119.8   43.25  700 724 740 780  450 451 456 463 doublescan +hsync -vsync (55.4 kHz d)
[   117.611] (II) modeset(0): Modeline "640x480"x120.0   54.00  640 688 744 900  480 480 482 500 doublescan +hsync +vsync (60.0 kHz d)
[   117.611] (II) modeset(0): Modeline "640x480"x59.9   25.18  640 656 752 800  480 490 492 525 -hsync -vsync (31.5 kHz d)
[   117.611] (II) modeset(0): Modeline "720x405"x59.5   22.50  720 744 808 896  405 408 413 422 -hsync +vsync (25.1 kHz d)
[   117.611] (II) modeset(0): Modeline "720x405"x59.0   21.75  720 768 800 880  405 408 413 419 +hsync -vsync (24.7 kHz d)
[   117.611] (II) modeset(0): Modeline "684x384"x119.8   42.62  684 720 788 892  384 385 390 399 doublescan -hsync +vsync (47.8 kHz d)
[   117.611] (II) modeset(0): Modeline "684x384"x119.7   36.12  684 708 724 764  384 385 390 395 doublescan +hsync -vsync (47.3 kHz d)
[   117.611] (II) modeset(0): Modeline "680x384"x119.6   42.38  680 716 784 888  384 385 390 399 doublescan -hsync +vsync (47.7 kHz d)
[   117.611] (II) modeset(0): Modeline "680x384"x119.9   36.00  680 704 720 760  384 385 390 395 doublescan +hsync -vsync (47.4 kHz d)
[   117.611] (II) modeset(0): Modeline "640x400"x119.8   41.75  640 676 740 840  400 401 404 415 doublescan -hsync +vsync (49.7 kHz d)
[   117.611] (II) modeset(0): Modeline "640x400"x120.0   35.50  640 664 680 720  400 401 404 411 doublescan +hsync -vsync (49.3 kHz d)
[   117.611] (II) modeset(0): Modeline "576x432"x120.1   40.81  576 608 668 760  432 432 434 447 doublescan -hsync +vsync (53.7 kHz d)
[   117.611] (II) modeset(0): Modeline "640x360"x119.7   37.25  640 672 736 832  360 361 364 374 doublescan -hsync +vsync (44.8 kHz d)
[   117.611] (II) modeset(0): Modeline "640x360"x119.7   31.88  640 664 680 720  360 361 364 370 doublescan +hsync -vsync (44.3 kHz d)
[   117.611] (II) modeset(0): Modeline "640x360"x59.8   18.00  640 664 720 800  360 363 368 376 -hsync +vsync (22.5 kHz d)
[   117.611] (II) modeset(0): Modeline "640x360"x59.3   17.75  640 688 720 800  360 363 368 374 +hsync -vsync (22.2 kHz d)
[   117.611] (II) modeset(0): Modeline "512x384"x120.0   32.50  512 524 592 672  384 385 388 403 doublescan -hsync -vsync (48.4 kHz d)
[   117.611] (II) modeset(0): Modeline "512x288"x120.0   23.25  512 532 580 648  288 289 292 299 doublescan -hsync +vsync (35.9 kHz d)
[   117.611] (II) modeset(0): Modeline "512x288"x119.8   21.00  512 536 552 592  288 289 292 296 doublescan +hsync -vsync (35.5 kHz d)
[   117.611] (II) modeset(0): Modeline "480x270"x119.3   20.38  480 496 544 608  270 271 274 281 doublescan -hsync +vsync (33.5 kHz d)
[   117.611] (II) modeset(0): Modeline "480x270"x119.6   18.62  480 504 520 560  270 271 274 278 doublescan +hsync -vsync (33.3 kHz d)
[   117.611] (II) modeset(0): Modeline "400x300"x120.6   20.00  400 420 484 528  300 300 302 314 doublescan +hsync +vsync (37.9 kHz d)
[   117.611] (II) modeset(0): Modeline "400x300"x112.7   18.00  400 412 448 512  300 300 301 312 doublescan +hsync +vsync (35.2 kHz d)
[   117.612] (II) modeset(0): Modeline "432x243"x119.8   16.25  432 444 484 536  243 244 247 253 doublescan -hsync +vsync (30.3 kHz d)
[   117.612] (II) modeset(0): Modeline "432x243"x119.1   15.25  432 456 472 512  243 244 247 250 doublescan +hsync -vsync (29.8 kHz d)
[   117.612] (II) modeset(0): Modeline "320x240"x120.1   12.59  320 328 376 400  240 245 246 262 doublescan -hsync -vsync (31.5 kHz d)
[   117.612] (II) modeset(0): Modeline "360x202"x119.0   11.25  360 372 404 448  202 204 206 211 doublescan -hsync +vsync (25.1 kHz d)
[   117.612] (II) modeset(0): Modeline "360x202"x118.3   10.88  360 384 400 440  202 204 206 209 doublescan +hsync -vsync (24.7 kHz d)
[   117.612] (II) modeset(0): Modeline "320x180"x119.7    9.00  320 332 360 400  180 181 184 188 doublescan -hsync +vsync (22.5 kHz d)
[   117.612] (II) modeset(0): Modeline "320x180"x118.6    8.88  320 344 360 400  180 181 184 187 doublescan +hsync -vsync (22.2 kHz d)
[   117.726] (II) modeset(0): EDID for output VGA-1
[   117.727] (II) modeset(0): EDID for output HDMI-1
[   117.727] (II) modeset(0): EDID for output DP-1
[   117.729] (II) modeset(0): EDID for output HDMI-2
[   117.729] (II) modeset(0): EDID for output DP-2
[   117.729] (II) modeset(0): Output eDP-1 connected
[   117.729] (II) modeset(0): Output VGA-1 disconnected
[   117.729] (II) modeset(0): Output HDMI-1 disconnected
[   117.729] (II) modeset(0): Output DP-1 disconnected
[   117.729] (II) modeset(0): Output HDMI-2 disconnected
[   117.729] (II) modeset(0): Output DP-2 disconnected
[   117.729] (II) modeset(0): Using exact sizes for initial modes
[   117.729] (II) modeset(0): Output eDP-1 using initial mode 1440x900 +0+0
[   117.729] (==) modeset(0): Using gamma correction (1.0, 1.0, 1.0)
[   117.729] (==) modeset(0): DPI set to (96, 96)
[   117.729] (II) Loading sub module "fb"
[   117.729] (II) LoadModule: "fb"
[   117.729] (II) Loading /usr/lib/xorg/modules/libfb.so
[   117.729] (II) Module fb: vendor="X.Org Foundation"
[   117.729] 	compiled for 1.20.4, module version = 1.0.0
[   117.729] 	ABI class: X.Org ANSI C Emulation, version 0.4
[   117.729] (II) UnloadModule: "fbdev"
[   117.729] (II) Unloading fbdev
[   117.729] (II) UnloadSubModule: "fbdevhw"
[   117.729] (II) Unloading fbdevhw
[   117.729] (II) UnloadModule: "vesa"
[   117.729] (II) Unloading vesa
[   117.793] (==) modeset(0): Backing store enabled
[   117.793] (==) modeset(0): Silken mouse enabled
[   117.838] (II) modeset(0): Initializing kms color map for depth 24, 8 bpc.
[   117.838] (==) modeset(0): DPMS enabled
[   117.839] (II) modeset(0): [DRI2] Setup complete
[   117.839] (II) modeset(0): [DRI2]   DRI driver: i965
[   117.839] (II) modeset(0): [DRI2]   VDPAU driver: i965
[   117.839] (II) Initializing extension Generic Event Extension
[   117.839] (II) Initializing extension SHAPE
[   117.839] (II) Initializing extension MIT-SHM
[   117.839] (II) Initializing extension XInputExtension
[   117.840] (II) Initializing extension XTEST
[   117.840] (II) Initializing extension BIG-REQUESTS
[   117.840] (II) Initializing extension SYNC
[   117.840] (II) Initializing extension XKEYBOARD
[   117.841] (II) Initializing extension XC-MISC
[   117.841] (II) Initializing extension SECURITY
[   117.841] (II) Initializing extension XFIXES
[   117.841] (II) Initializing extension RENDER
[   117.842] (II) Initializing extension RANDR
[   117.842] (II) Initializing extension COMPOSITE
[   117.842] (II) Initializing extension DAMAGE
[   117.843] (II) Initializing extension MIT-SCREEN-SAVER
[   117.843] (II) Initializing extension DOUBLE-BUFFER
[   117.843] (II) Initializing extension RECORD
[   117.843] (II) Initializing extension DPMS
[   117.843] (II) Initializing extension Present
[   117.844] (II) Initializing extension DRI3
[   117.844] (II) Initializing extension X-Resource
[   117.844] (II) Initializing extension XVideo
[   117.844] (II) Initializing extension XVideo-MotionCompensation
[   117.844] (II) Initializing extension SELinux
[   117.844] (II) SELinux: Disabled on system
[   117.844] (II) Initializing extension GLX
[   117.852] (II) AIGLX: Loaded and initialized i965
[   117.852] (II) GLX: Initialized DRI2 GL provider for screen 0
[   117.852] (II) Initializing extension XFree86-VidModeExtension
[   117.852] (II) Initializing extension XFree86-DGA
[   117.852] (II) Initializing extension XFree86-DRI
[   117.852] (II) Initializing extension DRI2
[   117.854] (II) modeset(0): Damage tracking initialized
[   117.854] (II) modeset(0): Setting screen physical size to 381 x 238
[   117.916] (II) config/udev: Adding input device Power Button (/dev/input/event3)
[   117.916] (**) Power Button: Applying InputClass "libinput keyboard catchall"
[   117.916] (II) LoadModule: "libinput"
[   117.916] (II) Loading /usr/lib/xorg/modules/input/libinput_drv.so
[   117.919] (II) Module libinput: vendor="X.Org Foundation"
[   117.919] 	compiled for 1.20.4, module version = 0.28.2
[   117.919] 	Module class: X.Org XInput Driver
[   117.919] 	ABI class: X.Org XInput driver, version 24.1
[   117.919] (II) Using input driver 'libinput' for 'Power Button'
[   117.920] (II) systemd-logind: got fd for /dev/input/event3 13:67 fd 20 paused 0
[   117.920] (**) Power Button: always reports core events
[   117.920] (**) Option "Device" "/dev/input/event3"
[   117.920] (**) Option "_source" "server/udev"
[   117.924] (II) event3  - Power Button: is tagged by udev as: Keyboard
[   117.924] (II) event3  - Power Button: device is a keyboard
[   117.924] (II) event3  - Power Button: device removed
[   117.924] (**) Option "config_info" "udev:/sys/devices/LNXSYSTM:00/LNXPWRBN:00/input/input3/event3"
[   117.924] (II) XINPUT: Adding extended input device "Power Button" (type: KEYBOARD, id 6)
[   117.926] (II) event3  - Power Button: is tagged by udev as: Keyboard
[   117.926] (II) event3  - Power Button: device is a keyboard
[   117.928] (II) config/udev: Adding input device Video Bus (/dev/input/event9)
[   117.928] (**) Video Bus: Applying InputClass "libinput keyboard catchall"
[   117.928] (II) Using input driver 'libinput' for 'Video Bus'
[   117.929] (II) systemd-logind: got fd for /dev/input/event9 13:73 fd 23 paused 0
[   117.929] (**) Video Bus: always reports core events
[   117.929] (**) Option "Device" "/dev/input/event9"
[   117.929] (**) Option "_source" "server/udev"
[   117.930] (II) event9  - Video Bus: is tagged by udev as: Keyboard
[   117.930] (II) event9  - Video Bus: device is a keyboard
[   117.930] (II) event9  - Video Bus: device removed
[   117.930] (**) Option "config_info" "udev:/sys/devices/LNXSYSTM:00/LNXSYBUS:00/PNP0A08:00/LNXVIDEO:00/input/input9/event9"
[   117.930] (II) XINPUT: Adding extended input device "Video Bus" (type: KEYBOARD, id 7)
[   117.931] (II) event9  - Video Bus: is tagged by udev as: Keyboard
[   117.931] (II) event9  - Video Bus: device is a keyboard
[   117.931] (II) config/udev: Adding input device Power Button (/dev/input/event1)
[   117.931] (**) Power Button: Applying InputClass "libinput keyboard catchall"
[   117.931] (II) Using input driver 'libinput' for 'Power Button'
[   117.932] (II) systemd-logind: got fd for /dev/input/event1 13:65 fd 24 paused 0
[   117.932] (**) Power Button: always reports core events
[   117.932] (**) Option "Device" "/dev/input/event1"
[   117.932] (**) Option "_source" "server/udev"
[   117.933] (II) event1  - Power Button: is tagged by udev as: Keyboard
[   117.933] (II) event1  - Power Button: device is a keyboard
[   117.933] (II) event1  - Power Button: device removed
[   117.933] (**) Option "config_info" "udev:/sys/devices/LNXSYSTM:00/LNXSYBUS:00/PNP0C0C:00/input/input1/event1"
[   117.933] (II) XINPUT: Adding extended input device "Power Button" (type: KEYBOARD, id 8)
[   117.934] (II) event1  - Power Button: is tagged by udev as: Keyboard
[   117.934] (II) event1  - Power Button: device is a keyboard
[   117.934] (II) config/udev: Adding input device Lid Switch (/dev/input/event0)
[   117.934] (II) No input driver specified, ignoring this device.
[   117.934] (II) This device may have been added with another device file.
[   117.934] (II) config/udev: Adding input device Sleep Button (/dev/input/event2)
[   117.934] (**) Sleep Button: Applying InputClass "libinput keyboard catchall"
[   117.934] (II) Using input driver 'libinput' for 'Sleep Button'
[   117.936] (II) systemd-logind: got fd for /dev/input/event2 13:66 fd 25 paused 0
[   117.936] (**) Sleep Button: always reports core events
[   117.936] (**) Option "Device" "/dev/input/event2"
[   117.936] (**) Option "_source" "server/udev"
[   117.937] (II) event2  - Sleep Button: is tagged by udev as: Keyboard
[   117.937] (II) event2  - Sleep Button: device is a keyboard
[   117.937] (II) event2  - Sleep Button: device removed
[   117.937] (**) Option "config_info" "udev:/sys/devices/LNXSYSTM:00/LNXSYBUS:00/PNP0C0E:00/input/input2/event2"
[   117.937] (II) XINPUT: Adding extended input device "Sleep Button" (type: KEYBOARD, id 9)
[   117.937] (II) event2  - Sleep Button: is tagged by udev as: Keyboard
[   117.937] (II) event2  - Sleep Button: device is a keyboard
[   117.938] (II) config/udev: Adding input device FaceTime HD Camera (Built-in):  (/dev/input/event5)
[   117.938] (**) FaceTime HD Camera (Built-in): : Applying InputClass "libinput keyboard catchall"
[   117.938] (II) Using input driver 'libinput' for 'FaceTime HD Camera (Built-in): '
[   117.940] (II) systemd-logind: got fd for /dev/input/event5 13:69 fd 26 paused 0
[   117.940] (**) FaceTime HD Camera (Built-in): : always reports core events
[   117.940] (**) Option "Device" "/dev/input/event5"
[   117.940] (**) Option "_source" "server/udev"
[   117.941] (II) event5  - FaceTime HD Camera (Built-in): : is tagged by udev as: Keyboard
[   117.941] (II) event5  - FaceTime HD Camera (Built-in): : device is a keyboard
[   117.941] (II) event5  - FaceTime HD Camera (Built-in): : device removed
[   117.941] (**) Option "config_info" "udev:/sys/devices/pci0000:00/0000:00:1a.0/usb1/1-1/1-1.1/1-1.1:1.0/input/input5/event5"
[   117.941] (II) XINPUT: Adding extended input device "FaceTime HD Camera (Built-in): " (type: KEYBOARD, id 10)
[   117.942] (II) event5  - FaceTime HD Camera (Built-in): : is tagged by udev as: Keyboard
[   117.942] (II) event5  - FaceTime HD Camera (Built-in): : device is a keyboard
[   117.942] (II) config/udev: Adding input device HDA Intel PCH Headphone (/dev/input/event8)
[   117.942] (II) No input driver specified, ignoring this device.
[   117.942] (II) This device may have been added with another device file.
[   117.943] (II) config/udev: Adding input device HDA Intel PCH HDMI/DP,pcm=3 (/dev/input/event10)
[   117.943] (II) No input driver specified, ignoring this device.
[   117.943] (II) This device may have been added with another device file.
[   117.943] (II) config/udev: Adding input device HDA Intel PCH HDMI/DP,pcm=7 (/dev/input/event11)
[   117.943] (II) No input driver specified, ignoring this device.
[   117.943] (II) This device may have been added with another device file.
[   117.943] (II) config/udev: Adding input device HDA Intel PCH HDMI/DP,pcm=8 (/dev/input/event12)
[   117.943] (II) No input driver specified, ignoring this device.
[   117.943] (II) This device may have been added with another device file.
[   117.944] (II) config/udev: Adding input device Apple Inc. Apple Internal Keyboard / Trackpad (/dev/input/event7)
[   117.944] (**) Apple Inc. Apple Internal Keyboard / Trackpad: Applying InputClass "libinput keyboard catchall"
[   117.944] (II) Using input driver 'libinput' for 'Apple Inc. Apple Internal Keyboard / Trackpad'
[   117.946] (II) systemd-logind: got fd for /dev/input/event7 13:71 fd 27 paused 0
[   117.946] (**) Apple Inc. Apple Internal Keyboard / Trackpad: always reports core events
[   117.946] (**) Option "Device" "/dev/input/event7"
[   117.946] (**) Option "_source" "server/udev"
[   117.947] (II) event7  - Apple Inc. Apple Internal Keyboard / Trackpad: is tagged by udev as: Keyboard
[   117.947] (II) event7  - Apple Inc. Apple Internal Keyboard / Trackpad: device is a keyboard
[   117.947] (II) event7  - Apple Inc. Apple Internal Keyboard / Trackpad: device removed
[   117.947] (**) Option "config_info" "udev:/sys/devices/pci0000:00/0000:00:1d.0/usb3/3-1/3-1.8/3-1.8.2/3-1.8.2:1.0/0003:05AC:024C.0001/input/input7/event7"
[   117.947] (II) XINPUT: Adding extended input device "Apple Inc. Apple Internal Keyboard / Trackpad" (type: KEYBOARD, id 11)
[   117.949] (II) event7  - Apple Inc. Apple Internal Keyboard / Trackpad: is tagged by udev as: Keyboard
[   117.949] (II) event7  - Apple Inc. Apple Internal Keyboard / Trackpad: device is a keyboard
[   117.950] (II) config/udev: Adding input device bcm5974 (/dev/input/event6)
[   117.950] (**) bcm5974: Applying InputClass "libinput touchpad catchall"
[   117.950] (II) Using input driver 'libinput' for 'bcm5974'
[   117.952] (II) systemd-logind: got fd for /dev/input/event6 13:70 fd 28 paused 0
[   117.952] (**) bcm5974: always reports core events
[   117.952] (**) Option "Device" "/dev/input/event6"
[   117.952] (**) Option "_source" "server/udev"
[   117.953] (II) event6  - bcm5974: is tagged by udev as: Touchpad
[   117.954] (II) event6  - bcm5974: device is a touchpad
[   117.954] (II) event6  - bcm5974: device removed
[   117.954] (**) Option "config_info" "udev:/sys/devices/pci0000:00/0000:00:1d.0/usb3/3-1/3-1.8/3-1.8.2/3-1.8.2:1.2/input/input6/event6"
[   117.954] (II) XINPUT: Adding extended input device "bcm5974" (type: TOUCHPAD, id 12)
[   117.955] (**) Option "AccelerationScheme" "none"
[   117.955] (**) bcm5974: (accel) selected scheme none/0
[   117.955] (**) bcm5974: (accel) acceleration factor: 2.000
[   117.955] (**) bcm5974: (accel) acceleration threshold: 4
[   117.956] (II) event6  - bcm5974: is tagged by udev as: Touchpad
[   117.957] (II) event6  - bcm5974: device is a touchpad
[   117.957] (II) config/udev: Adding input device bcm5974 (/dev/input/mouse0)
[   117.957] (II) No input driver specified, ignoring this device.
[   117.957] (II) This device may have been added with another device file.
[   117.957] (II) config/udev: Adding input device PC Speaker (/dev/input/event4)
[   117.957] (II) No input driver specified, ignoring this device.
[   117.957] (II) This device may have been added with another device file.
[   155.142] (**) Option "fd" "20"
[   155.142] (II) event3  - Power Button: device removed
[   155.142] (**) Option "fd" "23"
[   155.142] (II) event9  - Video Bus: device removed
[   155.142] (**) Option "fd" "24"
[   155.142] (II) event1  - Power Button: device removed
[   155.142] (**) Option "fd" "25"
[   155.142] (II) event2  - Sleep Button: device removed
[   155.142] (**) Option "fd" "26"
[   155.142] (II) event5  - FaceTime HD Camera (Built-in): : device removed
[   155.142] (**) Option "fd" "27"
[   155.142] (II) event7  - Apple Inc. Apple Internal Keyboard / Trackpad: device removed
[   155.142] (**) Option "fd" "28"
[   155.142] (II) event6  - bcm5974: device removed
[   155.159] (II) UnloadModule: "libinput"
[   155.159] (II) systemd-logind: releasing fd for 13:70
[   155.194] (II) UnloadModule: "libinput"
[   155.194] (II) systemd-logind: releasing fd for 13:71
[   155.210] (II) UnloadModule: "libinput"
[   155.210] (II) systemd-logind: releasing fd for 13:69
[   155.258] (II) UnloadModule: "libinput"
[   155.258] (II) systemd-logind: releasing fd for 13:66
[   155.274] (II) UnloadModule: "libinput"
[   155.274] (II) systemd-logind: releasing fd for 13:65
[   155.290] (II) UnloadModule: "libinput"
[   155.290] (II) systemd-logind: releasing fd for 13:73
[   155.326] (II) UnloadModule: "libinput"
[   155.327] (II) systemd-logind: releasing fd for 13:67
[   155.357] (WW) xf86CloseConsole: KDSETMODE failed: Input/output error
[   155.357] (WW) xf86CloseConsole: VT_GETMODE failed: Input/output error
[   155.357] (WW) xf86CloseConsole: VT_ACTIVATE failed: Input/output error
[   155.359] (II) Server terminated successfully (0). Closing log file.
